<?xml version="1.0" encoding="UTF-8"?>
<!-- Generated by org.testng.reporters.JUnitReportReporter -->
<testsuite hostname="DESKTOP-4J64PHA" failures="0" tests="3" name="org.test.ParallelExcution" time="0.533" errors="0" timestamp="08 Jun 2021 16:43:59 GMT" skipped="0">
  <testcase classname="org.test.ParallelExcution" name="test1" time="0.182"/>
  <testcase classname="org.test.ParallelExcution" name="test1" time="0.209"/>
  <testcase classname="org.test.ParallelExcution" name="test1" time="0.142"/>
</testsuite> <!-- org.test.ParallelExcution -->
