<?xml version="1.0" encoding="UTF-8"?>
<!-- Generated by org.testng.reporters.JUnitReportReporter -->
<testsuite hostname="DESKTOP-4J64PHA" failures="0" tests="1" name="org.test.TestNGSample" time="0.330" errors="0" timestamp="07 Jun 2021 14:53:11 GMT" skipped="0">
  <testcase classname="org.test.TestNGSample" name="fb" time="0.330"/>
</testsuite> <!-- org.test.TestNGSample -->
