<?xml version="1.0" encoding="UTF-8"?>
<!-- Generated by org.testng.reporters.JUnitReportReporter -->
<testsuite hostname="DESKTOP-4J64PHA" failures="0" tests="3" name="org.test.TestNGGrouping" time="0.019" errors="0" timestamp="07 Jun 2021 14:55:26 GMT" skipped="0">
  <testcase classname="org.test.TestNGGrouping" name="test2" time="0.012"/>
  <testcase classname="org.test.TestNGGrouping" name="test4" time="0.002"/>
  <testcase classname="org.test.TestNGGrouping" name="test7" time="0.005"/>
</testsuite> <!-- org.test.TestNGGrouping -->
