<?xml version="1.0" encoding="UTF-8"?>
<!-- Generated by org.testng.reporters.JUnitReportReporter -->
<testsuite hostname="DESKTOP-4J64PHA" failures="0" tests="8" name="org.test.ParallelExcution" time="1.337" errors="0" timestamp="07 Jun 2021 16:49:23 GMT" skipped="0">
  <testcase classname="org.test.ParallelExcution" name="test2" time="0.155"/>
  <testcase classname="org.test.ParallelExcution" name="test2" time="0.157"/>
  <testcase classname="org.test.ParallelExcution" name="test1" time="0.161"/>
  <testcase classname="org.test.ParallelExcution" name="test2" time="0.149"/>
  <testcase classname="org.test.ParallelExcution" name="test1" time="0.164"/>
  <testcase classname="org.test.ParallelExcution" name="test2" time="0.153"/>
  <testcase classname="org.test.ParallelExcution" name="test1" time="0.228"/>
  <testcase classname="org.test.ParallelExcution" name="test1" time="0.170"/>
</testsuite> <!-- org.test.ParallelExcution -->
