<?xml version="1.0" encoding="UTF-8"?>
<!-- Generated by org.testng.reporters.JUnitReportReporter -->
<testsuite hostname="DESKTOP-4J64PHA" failures="0" tests="2" name="TestNGSample" time="0.402" errors="0" timestamp="07 Jun 2021 12:15:02 GMT" skipped="0">
  <testcase classname="TestNGSample" name="fb2" time="0.205"/>
  <testcase classname="TestNGSample" name="fb" time="0.197"/>
</testsuite> <!-- TestNGSample -->
